<?xml version="1.0" encoding="UTF-8"?>
<testng-results skipped="0" failed="2" ignored="0" total="4" passed="2">
  <reporter-output>
  </reporter-output>
  <suite name="Default suite" duration-ms="50561" started-at="2019-08-02T04:32:11Z" finished-at="2019-08-02T04:33:02Z">
    <groups>
    </groups>
    <test name="Default test" duration-ms="50561" started-at="2019-08-02T04:32:11Z" finished-at="2019-08-02T04:33:02Z">
      <class name="TestSuite.UserModule">
        <test-method status="PASS" signature="setup_server()[pri:1, instance:TestSuite.UserModule@7a187f14]" name="setup_server" duration-ms="12115" started-at="2019-08-02T04:32:11Z" description="Creating App session and opening app" finished-at="2019-08-02T04:32:23Z">
          <reporter-output>
          </reporter-output>
        </test-method> <!-- setup_server -->
        <test-method status="PASS" signature="clicklinks()[pri:2, instance:TestSuite.UserModule@7a187f14]" name="clicklinks" duration-ms="326" started-at="2019-08-02T04:32:23Z" description="Click landing page links" finished-at="2019-08-02T04:32:24Z">
          <reporter-output>
          </reporter-output>
        </test-method> <!-- clicklinks -->
        <test-method status="FAIL" signature="SignUp()[pri:3, instance:TestSuite.UserModule@7a187f14]" name="SignUp" duration-ms="10302" started-at="2019-08-02T04:32:24Z" description="Testing Sign up Page" finished-at="2019-08-02T04:32:34Z">
          <exception class="org.openqa.selenium.NoSuchElementException">
            <message>
              <![CDATA[An element could not be located on the page using the given search parameters.
For documentation on this error, please visit: http://seleniumhq.org/exceptions/no_such_element.html
Build info: version: '3.4.0', revision: 'unknown', time: 'unknown'
System info: host: 'EBP065', ip: '192.168.0.213', os.name: 'Windows 10', os.arch: 'amd64', os.version: '10.0', java.version: '1.8.0_201'
Driver info: io.appium.java_client.android.AndroidDriver
Capabilities [{appPackage=com.app.dwell, deviceScreenSize=1440x2560, networkConnectionEnabled=true, noReset=true, warnings={}, databaseEnabled=false, deviceName=ce12160c790c223e05, platform=LINUX, deviceUDID=ce12160c790c223e05, appActivity=ui.splash.SplashScreenActivity, desired={appPackage=com.app.dwell, appActivity=ui.splash.SplashScreenActivity, noReset=true, newCommandTimeout=60.0, platformVersion=8.0, platformName=Android, deviceName=S7 Edge}, newCommandTimeout=60.0, platformVersion=8.0.0, webStorageEnabled=false, locationContextEnabled=false, takesScreenshot=true, javascriptEnabled=true, deviceModel=SM-G935F, platformName=Android, deviceManufacturer=samsung}]
Session ID: f0cc722d-bd77-4f76-88e6-eee5d83d5e0e
*** Element info: {Using=xpath, value=/hierarchy/android.widget.FrameLayout/android.widget.LinearLayout/android.widget.FrameLayout/android.widget.LinearLayout/android.widget.FrameLayout/android.view.ViewGroup/android.widget.ScrollView/android.view.ViewGroup/android.widget.FrameLayout[1]/android.widget.LinearLayout/android.widget.FrameLayout/android.widget.EditText}]]>
            </message>
            <full-stacktrace>
              <![CDATA[org.openqa.selenium.NoSuchElementException: An element could not be located on the page using the given search parameters.
For documentation on this error, please visit: http://seleniumhq.org/exceptions/no_such_element.html
Build info: version: '3.4.0', revision: 'unknown', time: 'unknown'
System info: host: 'EBP065', ip: '192.168.0.213', os.name: 'Windows 10', os.arch: 'amd64', os.version: '10.0', java.version: '1.8.0_201'
Driver info: io.appium.java_client.android.AndroidDriver
Capabilities [{appPackage=com.app.dwell, deviceScreenSize=1440x2560, networkConnectionEnabled=true, noReset=true, warnings={}, databaseEnabled=false, deviceName=ce12160c790c223e05, platform=LINUX, deviceUDID=ce12160c790c223e05, appActivity=ui.splash.SplashScreenActivity, desired={appPackage=com.app.dwell, appActivity=ui.splash.SplashScreenActivity, noReset=true, newCommandTimeout=60.0, platformVersion=8.0, platformName=Android, deviceName=S7 Edge}, newCommandTimeout=60.0, platformVersion=8.0.0, webStorageEnabled=false, locationContextEnabled=false, takesScreenshot=true, javascriptEnabled=true, deviceModel=SM-G935F, platformName=Android, deviceManufacturer=samsung}]
Session ID: f0cc722d-bd77-4f76-88e6-eee5d83d5e0e
*** Element info: {Using=xpath, value=/hierarchy/android.widget.FrameLayout/android.widget.LinearLayout/android.widget.FrameLayout/android.widget.LinearLayout/android.widget.FrameLayout/android.view.ViewGroup/android.widget.ScrollView/android.view.ViewGroup/android.widget.FrameLayout[1]/android.widget.LinearLayout/android.widget.FrameLayout/android.widget.EditText}
at sun.reflect.NativeConstructorAccessorImpl.newInstance0(Native Method)
at sun.reflect.NativeConstructorAccessorImpl.newInstance(Unknown Source)
at sun.reflect.DelegatingConstructorAccessorImpl.newInstance(Unknown Source)
at java.lang.reflect.Constructor.newInstance(Unknown Source)
at org.openqa.selenium.remote.http.W3CHttpResponseCodec.createException(W3CHttpResponseCodec.java:150)
at org.openqa.selenium.remote.http.W3CHttpResponseCodec.decode(W3CHttpResponseCodec.java:115)
at org.openqa.selenium.remote.http.W3CHttpResponseCodec.decode(W3CHttpResponseCodec.java:45)
at org.openqa.selenium.remote.HttpCommandExecutor.execute(HttpCommandExecutor.java:164)
at io.appium.java_client.remote.AppiumCommandExecutor.execute(AppiumCommandExecutor.java:69)
at org.openqa.selenium.remote.RemoteWebDriver.execute(RemoteWebDriver.java:637)
at io.appium.java_client.DefaultGenericMobileDriver.execute(DefaultGenericMobileDriver.java:40)
at io.appium.java_client.AppiumDriver.execute(AppiumDriver.java:1)
at io.appium.java_client.android.AndroidDriver.execute(AndroidDriver.java:1)
at org.openqa.selenium.remote.RemoteWebDriver.findElement(RemoteWebDriver.java:410)
at io.appium.java_client.DefaultGenericMobileDriver.findElement(DefaultGenericMobileDriver.java:56)
at io.appium.java_client.AppiumDriver.findElement(AppiumDriver.java:1)
at io.appium.java_client.android.AndroidDriver.findElement(AndroidDriver.java:1)
at org.openqa.selenium.remote.RemoteWebDriver.findElementByXPath(RemoteWebDriver.java:509)
at io.appium.java_client.DefaultGenericMobileDriver.findElementByXPath(DefaultGenericMobileDriver.java:134)
at io.appium.java_client.AppiumDriver.findElementByXPath(AppiumDriver.java:1)
at io.appium.java_client.android.AndroidDriver.findElementByXPath(AndroidDriver.java:1)
at org.openqa.selenium.By$ByXPath.findElement(By.java:361)
at org.openqa.selenium.remote.RemoteWebDriver.findElement(RemoteWebDriver.java:402)
at io.appium.java_client.DefaultGenericMobileDriver.findElement(DefaultGenericMobileDriver.java:52)
at io.appium.java_client.AppiumDriver.findElement(AppiumDriver.java:1)
at io.appium.java_client.android.AndroidDriver.findElement(AndroidDriver.java:1)
at Modules.SignUp.setfname(SignUp.java:78)
at Modules.SignUp.signup(SignUp.java:112)
at TestSuite.UserModule.SignUp(UserModule.java:74)
at sun.reflect.NativeMethodAccessorImpl.invoke0(Native Method)
at sun.reflect.NativeMethodAccessorImpl.invoke(Unknown Source)
at sun.reflect.DelegatingMethodAccessorImpl.invoke(Unknown Source)
at java.lang.reflect.Method.invoke(Unknown Source)
at org.testng.internal.MethodInvocationHelper.invokeMethod(MethodInvocationHelper.java:124)
at org.testng.internal.Invoker.invokeMethod(Invoker.java:583)
at org.testng.internal.Invoker.invokeTestMethod(Invoker.java:719)
at org.testng.internal.Invoker.invokeTestMethods(Invoker.java:989)
at org.testng.internal.TestMethodWorker.invokeTestMethods(TestMethodWorker.java:125)
at org.testng.internal.TestMethodWorker.run(TestMethodWorker.java:109)
at org.testng.TestRunner.privateRun(TestRunner.java:648)
at org.testng.TestRunner.run(TestRunner.java:505)
at org.testng.SuiteRunner.runTest(SuiteRunner.java:455)
at org.testng.SuiteRunner.runSequentially(SuiteRunner.java:450)
at org.testng.SuiteRunner.privateRun(SuiteRunner.java:415)
at org.testng.SuiteRunner.run(SuiteRunner.java:364)
at org.testng.SuiteRunnerWorker.runSuite(SuiteRunnerWorker.java:52)
at org.testng.SuiteRunnerWorker.run(SuiteRunnerWorker.java:84)
at org.testng.TestNG.runSuitesSequentially(TestNG.java:1208)
at org.testng.TestNG.runSuitesLocally(TestNG.java:1137)
at org.testng.TestNG.runSuites(TestNG.java:1049)
at org.testng.TestNG.run(TestNG.java:1017)
at org.testng.remote.AbstractRemoteTestNG.run(AbstractRemoteTestNG.java:114)
at org.testng.remote.RemoteTestNG.initAndRun(RemoteTestNG.java:251)
at org.testng.remote.RemoteTestNG.main(RemoteTestNG.java:77)
]]>
            </full-stacktrace>
          </exception> <!-- org.openqa.selenium.NoSuchElementException -->
          <reporter-output>
          </reporter-output>
        </test-method> <!-- SignUp -->
        <test-method status="FAIL" signature="LoginNewLandlord()[pri:5, instance:TestSuite.UserModule@7a187f14]" name="LoginNewLandlord" duration-ms="27766" started-at="2019-08-02T04:32:34Z" description="Testing Login Page with new user&#039;s landlord profile set up" finished-at="2019-08-02T04:33:02Z">
          <exception class="org.openqa.selenium.InvalidSelectorException">
            <message>
              <![CDATA[Locator Strategy 'css selector' is not supported for this session
For documentation on this error, please visit: http://seleniumhq.org/exceptions/invalid_selector_exception.html
Build info: version: '3.4.0', revision: 'unknown', time: 'unknown'
System info: host: 'EBP065', ip: '192.168.0.213', os.name: 'Windows 10', os.arch: 'amd64', os.version: '10.0', java.version: '1.8.0_201'
Driver info: io.appium.java_client.android.AndroidDriver
Capabilities [{appPackage=com.app.dwell, deviceScreenSize=1440x2560, networkConnectionEnabled=true, noReset=true, warnings={}, databaseEnabled=false, deviceName=ce12160c790c223e05, platform=LINUX, deviceUDID=ce12160c790c223e05, appActivity=ui.splash.SplashScreenActivity, desired={appPackage=com.app.dwell, appActivity=ui.splash.SplashScreenActivity, noReset=true, newCommandTimeout=60.0, platformVersion=8.0, platformName=Android, deviceName=S7 Edge}, newCommandTimeout=60.0, platformVersion=8.0.0, webStorageEnabled=false, locationContextEnabled=false, takesScreenshot=true, javascriptEnabled=true, deviceModel=SM-G935F, platformName=Android, deviceManufacturer=samsung}]
Session ID: f0cc722d-bd77-4f76-88e6-eee5d83d5e0e
*** Element info: {Using=id, value=com.app.dwell:id/tv_add_bank_account}]]>
            </message>
            <full-stacktrace>
              <![CDATA[org.openqa.selenium.InvalidSelectorException: Locator Strategy 'css selector' is not supported for this session
For documentation on this error, please visit: http://seleniumhq.org/exceptions/invalid_selector_exception.html
Build info: version: '3.4.0', revision: 'unknown', time: 'unknown'
System info: host: 'EBP065', ip: '192.168.0.213', os.name: 'Windows 10', os.arch: 'amd64', os.version: '10.0', java.version: '1.8.0_201'
Driver info: io.appium.java_client.android.AndroidDriver
Capabilities [{appPackage=com.app.dwell, deviceScreenSize=1440x2560, networkConnectionEnabled=true, noReset=true, warnings={}, databaseEnabled=false, deviceName=ce12160c790c223e05, platform=LINUX, deviceUDID=ce12160c790c223e05, appActivity=ui.splash.SplashScreenActivity, desired={appPackage=com.app.dwell, appActivity=ui.splash.SplashScreenActivity, noReset=true, newCommandTimeout=60.0, platformVersion=8.0, platformName=Android, deviceName=S7 Edge}, newCommandTimeout=60.0, platformVersion=8.0.0, webStorageEnabled=false, locationContextEnabled=false, takesScreenshot=true, javascriptEnabled=true, deviceModel=SM-G935F, platformName=Android, deviceManufacturer=samsung}]
Session ID: f0cc722d-bd77-4f76-88e6-eee5d83d5e0e
*** Element info: {Using=id, value=com.app.dwell:id/tv_add_bank_account}
at sun.reflect.NativeConstructorAccessorImpl.newInstance0(Native Method)
at sun.reflect.NativeConstructorAccessorImpl.newInstance(Unknown Source)
at sun.reflect.DelegatingConstructorAccessorImpl.newInstance(Unknown Source)
at java.lang.reflect.Constructor.newInstance(Unknown Source)
at org.openqa.selenium.remote.http.W3CHttpResponseCodec.createException(W3CHttpResponseCodec.java:150)
at org.openqa.selenium.remote.http.W3CHttpResponseCodec.decode(W3CHttpResponseCodec.java:115)
at org.openqa.selenium.remote.http.W3CHttpResponseCodec.decode(W3CHttpResponseCodec.java:45)
at org.openqa.selenium.remote.HttpCommandExecutor.execute(HttpCommandExecutor.java:164)
at io.appium.java_client.remote.AppiumCommandExecutor.execute(AppiumCommandExecutor.java:69)
at org.openqa.selenium.remote.RemoteWebDriver.execute(RemoteWebDriver.java:637)
at io.appium.java_client.DefaultGenericMobileDriver.execute(DefaultGenericMobileDriver.java:40)
at io.appium.java_client.AppiumDriver.execute(AppiumDriver.java:1)
at io.appium.java_client.android.AndroidDriver.execute(AndroidDriver.java:1)
at org.openqa.selenium.remote.RemoteWebDriver.findElement(RemoteWebDriver.java:410)
at io.appium.java_client.DefaultGenericMobileDriver.findElement(DefaultGenericMobileDriver.java:56)
at io.appium.java_client.AppiumDriver.findElement(AppiumDriver.java:1)
at io.appium.java_client.android.AndroidDriver.findElement(AndroidDriver.java:1)
at org.openqa.selenium.remote.RemoteWebDriver.findElementById(RemoteWebDriver.java:453)
at io.appium.java_client.DefaultGenericMobileDriver.findElementById(DefaultGenericMobileDriver.java:64)
at io.appium.java_client.AppiumDriver.findElementById(AppiumDriver.java:1)
at io.appium.java_client.android.AndroidDriver.findElementById(AndroidDriver.java:1)
at org.openqa.selenium.By$ById.findElement(By.java:218)
at org.openqa.selenium.remote.RemoteWebDriver.findElement(RemoteWebDriver.java:402)
at io.appium.java_client.DefaultGenericMobileDriver.findElement(DefaultGenericMobileDriver.java:52)
at io.appium.java_client.AppiumDriver.findElement(AppiumDriver.java:1)
at io.appium.java_client.android.AndroidDriver.findElement(AndroidDriver.java:1)
at Modules.ProfileSetUpLandlord.clickadd_bank(ProfileSetUpLandlord.java:180)
at Modules.ProfileSetUpLandlord.loginstep2_bank(ProfileSetUpLandlord.java:314)
at TestSuite.UserModule.LoginNewLandlord(UserModule.java:192)
at sun.reflect.NativeMethodAccessorImpl.invoke0(Native Method)
at sun.reflect.NativeMethodAccessorImpl.invoke(Unknown Source)
at sun.reflect.DelegatingMethodAccessorImpl.invoke(Unknown Source)
at java.lang.reflect.Method.invoke(Unknown Source)
at org.testng.internal.MethodInvocationHelper.invokeMethod(MethodInvocationHelper.java:124)
at org.testng.internal.Invoker.invokeMethod(Invoker.java:583)
at org.testng.internal.Invoker.invokeTestMethod(Invoker.java:719)
at org.testng.internal.Invoker.invokeTestMethods(Invoker.java:989)
at org.testng.internal.TestMethodWorker.invokeTestMethods(TestMethodWorker.java:125)
at org.testng.internal.TestMethodWorker.run(TestMethodWorker.java:109)
at org.testng.TestRunner.privateRun(TestRunner.java:648)
at org.testng.TestRunner.run(TestRunner.java:505)
at org.testng.SuiteRunner.runTest(SuiteRunner.java:455)
at org.testng.SuiteRunner.runSequentially(SuiteRunner.java:450)
at org.testng.SuiteRunner.privateRun(SuiteRunner.java:415)
at org.testng.SuiteRunner.run(SuiteRunner.java:364)
at org.testng.SuiteRunnerWorker.runSuite(SuiteRunnerWorker.java:52)
at org.testng.SuiteRunnerWorker.run(SuiteRunnerWorker.java:84)
at org.testng.TestNG.runSuitesSequentially(TestNG.java:1208)
at org.testng.TestNG.runSuitesLocally(TestNG.java:1137)
at org.testng.TestNG.runSuites(TestNG.java:1049)
at org.testng.TestNG.run(TestNG.java:1017)
at org.testng.remote.AbstractRemoteTestNG.run(AbstractRemoteTestNG.java:114)
at org.testng.remote.RemoteTestNG.initAndRun(RemoteTestNG.java:251)
at org.testng.remote.RemoteTestNG.main(RemoteTestNG.java:77)
]]>
            </full-stacktrace>
          </exception> <!-- org.openqa.selenium.InvalidSelectorException -->
          <reporter-output>
          </reporter-output>
        </test-method> <!-- LoginNewLandlord -->
      </class> <!-- TestSuite.UserModule -->
    </test> <!-- Default test -->
  </suite> <!-- Default suite -->
</testng-results>
